The system is: FreeBSD - 14.0-CURRENT - amd64
Compiling the C compiler identification source file "CMakeCCompilerId.c" succeeded.
Compiler: /usr/bin/cc 
Build flags: 
Id flags:  

The output was:
0


Compilation of the C compiler identification source "CMakeCCompilerId.c" produced "a.out"

The C compiler identification is Clang, found in "/home/ricky/code/clang_typeinfo_tester/build_clang/CMakeFiles/3.22.2/CompilerIdC/a.out"

Compiling the CXX compiler identification source file "CMakeCXXCompilerId.cpp" succeeded.
Compiler: /usr/bin/clang++ 
Build flags: 
Id flags:  

The output was:
0


Compilation of the CXX compiler identification source "CMakeCXXCompilerId.cpp" produced "a.out"

The CXX compiler identification is Clang, found in "/home/ricky/code/clang_typeinfo_tester/build_clang/CMakeFiles/3.22.2/CompilerIdCXX/a.out"

Detecting C compiler ABI info compiled with the following output:
Change Dir: /home/ricky/code/clang_typeinfo_tester/build_clang/CMakeFiles/CMakeTmp

Run Build Command(s):/usr/local/bin/gmake -f Makefile cmTC_e14ed/fast && /usr/local/bin/gmake  -f CMakeFiles/cmTC_e14ed.dir/build.make CMakeFiles/cmTC_e14ed.dir/build
gmake[1]: Entering directory '/usr/home/ricky/code/clang_typeinfo_tester/build_clang/CMakeFiles/CMakeTmp'
Building C object CMakeFiles/cmTC_e14ed.dir/CMakeCCompilerABI.c.o
/usr/bin/cc   -v -MD -MT CMakeFiles/cmTC_e14ed.dir/CMakeCCompilerABI.c.o -MF CMakeFiles/cmTC_e14ed.dir/CMakeCCompilerABI.c.o.d -o CMakeFiles/cmTC_e14ed.dir/CMakeCCompilerABI.c.o -c /usr/local/share/cmake/Modules/CMakeCCompilerABI.c
FreeBSD clang version 13.0.0 (git@github.com:llvm/llvm-project.git llvmorg-13.0.0-0-gd7b669b3a303)
Target: x86_64-unknown-freebsd14.0
Thread model: posix
InstalledDir: /usr/bin
 (in-process)
 "/usr/bin/cc" -cc1 -triple x86_64-unknown-freebsd14.0 -emit-obj -mrelax-all --mrelax-relocations -disable-free -main-file-name CMakeCCompilerABI.c -mrelocation-model static -mframe-pointer=all -fno-rounding-math -mconstructor-aliases -munwind-tables -target-cpu x86-64 -tune-cpu generic -debugger-tuning=gdb -v -fcoverage-compilation-dir=/usr/home/ricky/code/clang_typeinfo_tester/build_clang/CMakeFiles/CMakeTmp -resource-dir /usr/lib/clang/13.0.0 -dependency-file CMakeFiles/cmTC_e14ed.dir/CMakeCCompilerABI.c.o.d -MT CMakeFiles/cmTC_e14ed.dir/CMakeCCompilerABI.c.o -sys-header-deps -fdebug-compilation-dir=/usr/home/ricky/code/clang_typeinfo_tester/build_clang/CMakeFiles/CMakeTmp -ferror-limit 19 -fgnuc-version=4.2.1 -faddrsig -D__GCC_HAVE_DWARF2_CFI_ASM=1 -o CMakeFiles/cmTC_e14ed.dir/CMakeCCompilerABI.c.o -x c /usr/local/share/cmake/Modules/CMakeCCompilerABI.c
clang -cc1 version 13.0.0 based upon LLVM 13.0.0 default target x86_64-unknown-freebsd14.0
#include "..." search starts here:
#include <...> search starts here:
 /usr/lib/clang/13.0.0/include
 /usr/include
End of search list.
Linking C executable cmTC_e14ed
/usr/local/bin/cmake -E cmake_link_script CMakeFiles/cmTC_e14ed.dir/link.txt --verbose=1
/usr/bin/cc  -v CMakeFiles/cmTC_e14ed.dir/CMakeCCompilerABI.c.o -o cmTC_e14ed 
FreeBSD clang version 13.0.0 (git@github.com:llvm/llvm-project.git llvmorg-13.0.0-0-gd7b669b3a303)
Target: x86_64-unknown-freebsd14.0
Thread model: posix
InstalledDir: /usr/bin
 "/usr/bin/ld" --eh-frame-hdr -dynamic-linker /libexec/ld-elf.so.1 --hash-style=both --enable-new-dtags -o cmTC_e14ed /usr/lib/crt1.o /usr/lib/crti.o /usr/lib/crtbegin.o -L/usr/lib CMakeFiles/cmTC_e14ed.dir/CMakeCCompilerABI.c.o -lgcc --as-needed -lgcc_s --no-as-needed -lc -lgcc --as-needed -lgcc_s --no-as-needed /usr/lib/crtend.o /usr/lib/crtn.o
gmake[1]: Leaving directory '/usr/home/ricky/code/clang_typeinfo_tester/build_clang/CMakeFiles/CMakeTmp'



Parsed C implicit include dir info from above output: rv=done
  found start of include info
  found start of implicit include info
    add: [/usr/lib/clang/13.0.0/include]
    add: [/usr/include]
  end of search list found
  collapse include dir [/usr/lib/clang/13.0.0/include] ==> [/usr/lib/clang/13.0.0/include]
  collapse include dir [/usr/include] ==> [/usr/include]
  implicit include dirs: [/usr/lib/clang/13.0.0/include;/usr/include]


Parsed C implicit link information from above output:
  link line regex: [^( *|.*[/\])(ld\.lld|CMAKE_LINK_STARTFILE-NOTFOUND|([^/\]+-)?ld|collect2)[^/\]*( |$)]
  ignore line: [Change Dir: /home/ricky/code/clang_typeinfo_tester/build_clang/CMakeFiles/CMakeTmp]
  ignore line: []
  ignore line: [Run Build Command(s):/usr/local/bin/gmake -f Makefile cmTC_e14ed/fast && /usr/local/bin/gmake  -f CMakeFiles/cmTC_e14ed.dir/build.make CMakeFiles/cmTC_e14ed.dir/build]
  ignore line: [gmake[1]: Entering directory '/usr/home/ricky/code/clang_typeinfo_tester/build_clang/CMakeFiles/CMakeTmp']
  ignore line: [Building C object CMakeFiles/cmTC_e14ed.dir/CMakeCCompilerABI.c.o]
  ignore line: [/usr/bin/cc   -v -MD -MT CMakeFiles/cmTC_e14ed.dir/CMakeCCompilerABI.c.o -MF CMakeFiles/cmTC_e14ed.dir/CMakeCCompilerABI.c.o.d -o CMakeFiles/cmTC_e14ed.dir/CMakeCCompilerABI.c.o -c /usr/local/share/cmake/Modules/CMakeCCompilerABI.c]
  ignore line: [FreeBSD clang version 13.0.0 (git@github.com:llvm/llvm-project.git llvmorg-13.0.0-0-gd7b669b3a303)]
  ignore line: [Target: x86_64-unknown-freebsd14.0]
  ignore line: [Thread model: posix]
  ignore line: [InstalledDir: /usr/bin]
  ignore line: [ (in-process)]
  ignore line: [ "/usr/bin/cc" -cc1 -triple x86_64-unknown-freebsd14.0 -emit-obj -mrelax-all --mrelax-relocations -disable-free -main-file-name CMakeCCompilerABI.c -mrelocation-model static -mframe-pointer=all -fno-rounding-math -mconstructor-aliases -munwind-tables -target-cpu x86-64 -tune-cpu generic -debugger-tuning=gdb -v -fcoverage-compilation-dir=/usr/home/ricky/code/clang_typeinfo_tester/build_clang/CMakeFiles/CMakeTmp -resource-dir /usr/lib/clang/13.0.0 -dependency-file CMakeFiles/cmTC_e14ed.dir/CMakeCCompilerABI.c.o.d -MT CMakeFiles/cmTC_e14ed.dir/CMakeCCompilerABI.c.o -sys-header-deps -fdebug-compilation-dir=/usr/home/ricky/code/clang_typeinfo_tester/build_clang/CMakeFiles/CMakeTmp -ferror-limit 19 -fgnuc-version=4.2.1 -faddrsig -D__GCC_HAVE_DWARF2_CFI_ASM=1 -o CMakeFiles/cmTC_e14ed.dir/CMakeCCompilerABI.c.o -x c /usr/local/share/cmake/Modules/CMakeCCompilerABI.c]
  ignore line: [clang -cc1 version 13.0.0 based upon LLVM 13.0.0 default target x86_64-unknown-freebsd14.0]
  ignore line: [#include "..." search starts here:]
  ignore line: [#include <...> search starts here:]
  ignore line: [ /usr/lib/clang/13.0.0/include]
  ignore line: [ /usr/include]
  ignore line: [End of search list.]
  ignore line: [Linking C executable cmTC_e14ed]
  ignore line: [/usr/local/bin/cmake -E cmake_link_script CMakeFiles/cmTC_e14ed.dir/link.txt --verbose=1]
  ignore line: [/usr/bin/cc  -v CMakeFiles/cmTC_e14ed.dir/CMakeCCompilerABI.c.o -o cmTC_e14ed ]
  ignore line: [FreeBSD clang version 13.0.0 (git@github.com:llvm/llvm-project.git llvmorg-13.0.0-0-gd7b669b3a303)]
  ignore line: [Target: x86_64-unknown-freebsd14.0]
  ignore line: [Thread model: posix]
  ignore line: [InstalledDir: /usr/bin]
  link line: [ "/usr/bin/ld" --eh-frame-hdr -dynamic-linker /libexec/ld-elf.so.1 --hash-style=both --enable-new-dtags -o cmTC_e14ed /usr/lib/crt1.o /usr/lib/crti.o /usr/lib/crtbegin.o -L/usr/lib CMakeFiles/cmTC_e14ed.dir/CMakeCCompilerABI.c.o -lgcc --as-needed -lgcc_s --no-as-needed -lc -lgcc --as-needed -lgcc_s --no-as-needed /usr/lib/crtend.o /usr/lib/crtn.o]
    arg [/usr/bin/ld] ==> ignore
    arg [--eh-frame-hdr] ==> ignore
    arg [-dynamic-linker] ==> ignore
    arg [/libexec/ld-elf.so.1] ==> ignore
    arg [--hash-style=both] ==> ignore
    arg [--enable-new-dtags] ==> ignore
    arg [-o] ==> ignore
    arg [cmTC_e14ed] ==> ignore
    arg [/usr/lib/crt1.o] ==> obj [/usr/lib/crt1.o]
    arg [/usr/lib/crti.o] ==> obj [/usr/lib/crti.o]
    arg [/usr/lib/crtbegin.o] ==> obj [/usr/lib/crtbegin.o]
    arg [-L/usr/lib] ==> dir [/usr/lib]
    arg [CMakeFiles/cmTC_e14ed.dir/CMakeCCompilerABI.c.o] ==> ignore
    arg [-lgcc] ==> lib [gcc]
    arg [--as-needed] ==> ignore
    arg [-lgcc_s] ==> lib [gcc_s]
    arg [--no-as-needed] ==> ignore
    arg [-lc] ==> lib [c]
    arg [-lgcc] ==> lib [gcc]
    arg [--as-needed] ==> ignore
    arg [-lgcc_s] ==> lib [gcc_s]
    arg [--no-as-needed] ==> ignore
    arg [/usr/lib/crtend.o] ==> obj [/usr/lib/crtend.o]
    arg [/usr/lib/crtn.o] ==> obj [/usr/lib/crtn.o]
  collapse library dir [/usr/lib] ==> [/usr/lib]
  implicit libs: [gcc;gcc_s;c;gcc;gcc_s]
  implicit objs: [/usr/lib/crt1.o;/usr/lib/crti.o;/usr/lib/crtbegin.o;/usr/lib/crtend.o;/usr/lib/crtn.o]
  implicit dirs: [/usr/lib]
  implicit fwks: []


Detecting CXX compiler ABI info compiled with the following output:
Change Dir: /home/ricky/code/clang_typeinfo_tester/build_clang/CMakeFiles/CMakeTmp

Run Build Command(s):/usr/local/bin/gmake -f Makefile cmTC_0cc9b/fast && /usr/local/bin/gmake  -f CMakeFiles/cmTC_0cc9b.dir/build.make CMakeFiles/cmTC_0cc9b.dir/build
gmake[1]: Entering directory '/usr/home/ricky/code/clang_typeinfo_tester/build_clang/CMakeFiles/CMakeTmp'
Building CXX object CMakeFiles/cmTC_0cc9b.dir/CMakeCXXCompilerABI.cpp.o
/usr/bin/clang++   -v -MD -MT CMakeFiles/cmTC_0cc9b.dir/CMakeCXXCompilerABI.cpp.o -MF CMakeFiles/cmTC_0cc9b.dir/CMakeCXXCompilerABI.cpp.o.d -o CMakeFiles/cmTC_0cc9b.dir/CMakeCXXCompilerABI.cpp.o -c /usr/local/share/cmake/Modules/CMakeCXXCompilerABI.cpp
FreeBSD clang version 13.0.0 (git@github.com:llvm/llvm-project.git llvmorg-13.0.0-0-gd7b669b3a303)
Target: x86_64-unknown-freebsd14.0
Thread model: posix
InstalledDir: /usr/bin
 (in-process)
 "/usr/bin/clang++" -cc1 -triple x86_64-unknown-freebsd14.0 -emit-obj -mrelax-all --mrelax-relocations -disable-free -main-file-name CMakeCXXCompilerABI.cpp -mrelocation-model static -mframe-pointer=all -fno-rounding-math -mconstructor-aliases -munwind-tables -target-cpu x86-64 -tune-cpu generic -debugger-tuning=gdb -v -fcoverage-compilation-dir=/usr/home/ricky/code/clang_typeinfo_tester/build_clang/CMakeFiles/CMakeTmp -resource-dir /usr/lib/clang/13.0.0 -dependency-file CMakeFiles/cmTC_0cc9b.dir/CMakeCXXCompilerABI.cpp.o.d -MT CMakeFiles/cmTC_0cc9b.dir/CMakeCXXCompilerABI.cpp.o -sys-header-deps -internal-isystem /usr/include/c++/v1 -fdeprecated-macro -fdebug-compilation-dir=/usr/home/ricky/code/clang_typeinfo_tester/build_clang/CMakeFiles/CMakeTmp -ferror-limit 19 -fgnuc-version=4.2.1 -fcxx-exceptions -fexceptions -faddrsig -D__GCC_HAVE_DWARF2_CFI_ASM=1 -o CMakeFiles/cmTC_0cc9b.dir/CMakeCXXCompilerABI.cpp.o -x c++ /usr/local/share/cmake/Modules/CMakeCXXCompilerABI.cpp
clang -cc1 version 13.0.0 based upon LLVM 13.0.0 default target x86_64-unknown-freebsd14.0
#include "..." search starts here:
#include <...> search starts here:
 /usr/include/c++/v1
 /usr/lib/clang/13.0.0/include
 /usr/include
End of search list.
Linking CXX executable cmTC_0cc9b
/usr/local/bin/cmake -E cmake_link_script CMakeFiles/cmTC_0cc9b.dir/link.txt --verbose=1
/usr/bin/clang++  -v CMakeFiles/cmTC_0cc9b.dir/CMakeCXXCompilerABI.cpp.o -o cmTC_0cc9b 
FreeBSD clang version 13.0.0 (git@github.com:llvm/llvm-project.git llvmorg-13.0.0-0-gd7b669b3a303)
Target: x86_64-unknown-freebsd14.0
Thread model: posix
InstalledDir: /usr/bin
 "/usr/bin/ld" --eh-frame-hdr -dynamic-linker /libexec/ld-elf.so.1 --hash-style=both --enable-new-dtags -o cmTC_0cc9b /usr/lib/crt1.o /usr/lib/crti.o /usr/lib/crtbegin.o -L/usr/lib CMakeFiles/cmTC_0cc9b.dir/CMakeCXXCompilerABI.cpp.o -lc++ -lm -lgcc --as-needed -lgcc_s --no-as-needed -lc -lgcc --as-needed -lgcc_s --no-as-needed /usr/lib/crtend.o /usr/lib/crtn.o
gmake[1]: Leaving directory '/usr/home/ricky/code/clang_typeinfo_tester/build_clang/CMakeFiles/CMakeTmp'



Parsed CXX implicit include dir info from above output: rv=done
  found start of include info
  found start of implicit include info
    add: [/usr/include/c++/v1]
    add: [/usr/lib/clang/13.0.0/include]
    add: [/usr/include]
  end of search list found
  collapse include dir [/usr/include/c++/v1] ==> [/usr/include/c++/v1]
  collapse include dir [/usr/lib/clang/13.0.0/include] ==> [/usr/lib/clang/13.0.0/include]
  collapse include dir [/usr/include] ==> [/usr/include]
  implicit include dirs: [/usr/include/c++/v1;/usr/lib/clang/13.0.0/include;/usr/include]


Parsed CXX implicit link information from above output:
  link line regex: [^( *|.*[/\])(ld\.lld|CMAKE_LINK_STARTFILE-NOTFOUND|([^/\]+-)?ld|collect2)[^/\]*( |$)]
  ignore line: [Change Dir: /home/ricky/code/clang_typeinfo_tester/build_clang/CMakeFiles/CMakeTmp]
  ignore line: []
  ignore line: [Run Build Command(s):/usr/local/bin/gmake -f Makefile cmTC_0cc9b/fast && /usr/local/bin/gmake  -f CMakeFiles/cmTC_0cc9b.dir/build.make CMakeFiles/cmTC_0cc9b.dir/build]
  ignore line: [gmake[1]: Entering directory '/usr/home/ricky/code/clang_typeinfo_tester/build_clang/CMakeFiles/CMakeTmp']
  ignore line: [Building CXX object CMakeFiles/cmTC_0cc9b.dir/CMakeCXXCompilerABI.cpp.o]
  ignore line: [/usr/bin/clang++   -v -MD -MT CMakeFiles/cmTC_0cc9b.dir/CMakeCXXCompilerABI.cpp.o -MF CMakeFiles/cmTC_0cc9b.dir/CMakeCXXCompilerABI.cpp.o.d -o CMakeFiles/cmTC_0cc9b.dir/CMakeCXXCompilerABI.cpp.o -c /usr/local/share/cmake/Modules/CMakeCXXCompilerABI.cpp]
  ignore line: [FreeBSD clang version 13.0.0 (git@github.com:llvm/llvm-project.git llvmorg-13.0.0-0-gd7b669b3a303)]
  ignore line: [Target: x86_64-unknown-freebsd14.0]
  ignore line: [Thread model: posix]
  ignore line: [InstalledDir: /usr/bin]
  ignore line: [ (in-process)]
  ignore line: [ "/usr/bin/clang++" -cc1 -triple x86_64-unknown-freebsd14.0 -emit-obj -mrelax-all --mrelax-relocations -disable-free -main-file-name CMakeCXXCompilerABI.cpp -mrelocation-model static -mframe-pointer=all -fno-rounding-math -mconstructor-aliases -munwind-tables -target-cpu x86-64 -tune-cpu generic -debugger-tuning=gdb -v -fcoverage-compilation-dir=/usr/home/ricky/code/clang_typeinfo_tester/build_clang/CMakeFiles/CMakeTmp -resource-dir /usr/lib/clang/13.0.0 -dependency-file CMakeFiles/cmTC_0cc9b.dir/CMakeCXXCompilerABI.cpp.o.d -MT CMakeFiles/cmTC_0cc9b.dir/CMakeCXXCompilerABI.cpp.o -sys-header-deps -internal-isystem /usr/include/c++/v1 -fdeprecated-macro -fdebug-compilation-dir=/usr/home/ricky/code/clang_typeinfo_tester/build_clang/CMakeFiles/CMakeTmp -ferror-limit 19 -fgnuc-version=4.2.1 -fcxx-exceptions -fexceptions -faddrsig -D__GCC_HAVE_DWARF2_CFI_ASM=1 -o CMakeFiles/cmTC_0cc9b.dir/CMakeCXXCompilerABI.cpp.o -x c++ /usr/local/share/cmake/Modules/CMakeCXXCompilerABI.cpp]
  ignore line: [clang -cc1 version 13.0.0 based upon LLVM 13.0.0 default target x86_64-unknown-freebsd14.0]
  ignore line: [#include "..." search starts here:]
  ignore line: [#include <...> search starts here:]
  ignore line: [ /usr/include/c++/v1]
  ignore line: [ /usr/lib/clang/13.0.0/include]
  ignore line: [ /usr/include]
  ignore line: [End of search list.]
  ignore line: [Linking CXX executable cmTC_0cc9b]
  ignore line: [/usr/local/bin/cmake -E cmake_link_script CMakeFiles/cmTC_0cc9b.dir/link.txt --verbose=1]
  ignore line: [/usr/bin/clang++  -v CMakeFiles/cmTC_0cc9b.dir/CMakeCXXCompilerABI.cpp.o -o cmTC_0cc9b ]
  ignore line: [FreeBSD clang version 13.0.0 (git@github.com:llvm/llvm-project.git llvmorg-13.0.0-0-gd7b669b3a303)]
  ignore line: [Target: x86_64-unknown-freebsd14.0]
  ignore line: [Thread model: posix]
  ignore line: [InstalledDir: /usr/bin]
  link line: [ "/usr/bin/ld" --eh-frame-hdr -dynamic-linker /libexec/ld-elf.so.1 --hash-style=both --enable-new-dtags -o cmTC_0cc9b /usr/lib/crt1.o /usr/lib/crti.o /usr/lib/crtbegin.o -L/usr/lib CMakeFiles/cmTC_0cc9b.dir/CMakeCXXCompilerABI.cpp.o -lc++ -lm -lgcc --as-needed -lgcc_s --no-as-needed -lc -lgcc --as-needed -lgcc_s --no-as-needed /usr/lib/crtend.o /usr/lib/crtn.o]
    arg [/usr/bin/ld] ==> ignore
    arg [--eh-frame-hdr] ==> ignore
    arg [-dynamic-linker] ==> ignore
    arg [/libexec/ld-elf.so.1] ==> ignore
    arg [--hash-style=both] ==> ignore
    arg [--enable-new-dtags] ==> ignore
    arg [-o] ==> ignore
    arg [cmTC_0cc9b] ==> ignore
    arg [/usr/lib/crt1.o] ==> obj [/usr/lib/crt1.o]
    arg [/usr/lib/crti.o] ==> obj [/usr/lib/crti.o]
    arg [/usr/lib/crtbegin.o] ==> obj [/usr/lib/crtbegin.o]
    arg [-L/usr/lib] ==> dir [/usr/lib]
    arg [CMakeFiles/cmTC_0cc9b.dir/CMakeCXXCompilerABI.cpp.o] ==> ignore
    arg [-lc++] ==> lib [c++]
    arg [-lm] ==> lib [m]
    arg [-lgcc] ==> lib [gcc]
    arg [--as-needed] ==> ignore
    arg [-lgcc_s] ==> lib [gcc_s]
    arg [--no-as-needed] ==> ignore
    arg [-lc] ==> lib [c]
    arg [-lgcc] ==> lib [gcc]
    arg [--as-needed] ==> ignore
    arg [-lgcc_s] ==> lib [gcc_s]
    arg [--no-as-needed] ==> ignore
    arg [/usr/lib/crtend.o] ==> obj [/usr/lib/crtend.o]
    arg [/usr/lib/crtn.o] ==> obj [/usr/lib/crtn.o]
  collapse library dir [/usr/lib] ==> [/usr/lib]
  implicit libs: [c++;m;gcc;gcc_s;c;gcc;gcc_s]
  implicit objs: [/usr/lib/crt1.o;/usr/lib/crti.o;/usr/lib/crtbegin.o;/usr/lib/crtend.o;/usr/lib/crtn.o]
  implicit dirs: [/usr/lib]
  implicit fwks: []


